<?xml version="1.0" encoding="UTF-8"?>
<!-- Generated by org.testng.reporters.JUnitReportReporter -->
<testsuite hostname="LAPTOP-T7TGHABL" failures="0" tests="2" name="OperationsPageTests" time="3.834" errors="0" timestamp="19 Apr 2022 15:24:16 GMT">
  <testcase classname="OperationsPageTests" name="verifyHomePageTitle" time="0.874"/>
  <testcase classname="OperationsPageTests" name="testNavigation" time="2.960"/>
</testsuite> <!-- OperationsPageTests -->
