<?xml version="1.0" encoding="UTF-8"?>
<!-- Generated by org.testng.reporters.JUnitReportReporter -->
<testsuite hostname="LAPTOP-T7TGHABL" failures="0" tests="7" name="HomePageTests" time="12.711" errors="0" timestamp="19 Apr 2022 15:24:16 GMT">
  <testcase classname="HomePageTests" name="verifyHomePageTitle" time="0.623"/>
  <testcase classname="HomePageTests" name="testBowserInfo" time="1.121"/>
  <testcase classname="HomePageTests" name="testCorrectLogin" time="3.375"/>
  <testcase classname="HomePageTests" name="testIncorrectLogin" time="1.514"/>
  <testcase classname="HomePageTests" name="verifyLogo" time="1.254"/>
  <testcase classname="HomePageTests" name="testPasswordsMatch" time="2.031"/>
  <testcase classname="HomePageTests" name="testPasswordStrength" time="2.793"/>
</testsuite> <!-- HomePageTests -->
