<?xml version="1.0" encoding="UTF-8"?>
<!-- Generated by org.testng.reporters.JUnitReportReporter -->
<testsuite hostname="LAPTOP-T7TGHABL" failures="0" tests="4" name="HomePageTests" time="4.024" errors="0" timestamp="19 Apr 2022 12:47:57 GMT">
  <testcase classname="HomePageTests" name="verifyHomePageTitle" time="0.992"/>
  <testcase classname="HomePageTests" name="testLogin" time="1.150"/>
  <testcase classname="HomePageTests" name="verifyLogo" time="0.854"/>
  <testcase classname="HomePageTests" name="testBowserInfo" time="1.028"/>
</testsuite> <!-- HomePageTests -->
